[etern1ty][19:11:23] - kTd3Let373FHzEbY.cNV5 - File successfully deleted.
[etern1ty][19:11:23] - e3cmqr3N4mEvnX7A.5vXC - File successfully renamed.
[etern1ty][19:11:23] - lzAYrpf1d3Let3Rz.h6jE - File successfully deleted.
[etern1ty][19:11:23] - Td0475xJAr3N4mE6.a2h5 - File successfully renamed.
[etern1ty][19:11:23] - mhnpZYVr3N4mEH8F.py - File successfully renamed.
[etern1ty][19:11:23] - bdr3N4mEdgNtR1yz.Kd8U - File successfully renamed.
[etern1ty][19:11:23] - xQ7r3N4mEh93qU4Y.ts - File successfully renamed.
[etern1ty][19:11:23] - T0ePr3N4mETQFeyw.py - File successfully renamed.
[etern1ty][19:11:23] - CWuhhcmunr3N4mEg.py - File successfully renamed.
[etern1ty][19:11:23] - axqKfE2PCd3Let39.ngV6 - File successfully deleted.
[etern1ty][19:11:23] - Q8f8gHmTd3Let38h.e6dn - File successfully deleted.
[etern1ty][19:11:23] - 4gmD9wD6jqr3N4mEU.py - File successfully renamed.
[etern1ty][19:11:23] - qr3N4mESqS7MP3fa.ts - File successfully renamed.
[etern1ty][19:11:23] - mLnnb5FBd3Let3Pk.xU7H - File successfully deleted.
[etern1ty][19:11:23] - q1eZWWxAPr3N4mEz.Ejw5 - File successfully renamed.
[etern1ty][19:11:23] - 6Vme0d3Let3yCnFkw.Bvxm - File successfully deleted.
[etern1ty][19:11:23] - baLfLr3N4mEj6z18.t13G - File successfully renamed.
[etern1ty][19:11:23] - Qcua4d3Let34bXVD.Nip7 - File successfully deleted.
[etern1ty][19:11:23] - u2YPcV7Yrr3N4mEM.go - File successfully renamed.
[etern1ty][19:11:23] - Wr3N4mEnRai2Arai.ts - File successfully renamed.
[etern1ty][19:11:23] - rr3N4mEJuGyfKyvT.go - File successfully renamed.
[etern1ty][19:11:23] - GwmRgrMr3N4mE6c0.ts - File successfully renamed.
[etern1ty][19:11:23] - c6r3N4mE5BFaGCKu.ts - File successfully renamed.
[etern1ty][19:11:23] - cT9eqBr3N4mEEMT8.uS6X - File successfully renamed.
[etern1ty][19:11:23] - 5r3N4mELAnk5j3Vdw.go - File successfully renamed.
[etern1ty][19:11:23] - vM79wpmGSd3Let3g.ze3g - File successfully deleted.
[etern1ty][19:11:23] - r3N4mEzMVQdzCQnJ.go - File successfully renamed.
[etern1ty][19:11:23] - up2VGr3N4mE05gNm.go - File successfully renamed.
[etern1ty][19:11:23] - 2aLmByr3N4mErzhAh.Mg2g - File successfully renamed.
[etern1ty][19:11:23] - 3WV8xr3N4mEtuM24J.ts - File successfully renamed.
[etern1ty][19:11:23] - FJAbfdPiSd3Let3J.jWc4 - File successfully deleted.
[etern1ty][19:11:23] - PgnCzXir3N4mEfhv.go - File successfully renamed.
[etern1ty][19:11:23] - Qrr3N4mEvgj1BXUH.py - File successfully renamed.
[etern1ty][19:11:23] - x2r3N4mECByWfjAm.ts - File successfully renamed.
[etern1ty][19:11:23] - kdhr3N4mEvhq8y2p.go - File successfully renamed.
[etern1ty][19:11:23] - QKizj86Er3N4mELY.py - File successfully renamed.
[etern1ty][19:11:23] - tVF76yrhNr3N4mEE.py - File successfully renamed.
[etern1ty][19:11:23] - YnBr3N4mEkpmGxDb.go - File successfully renamed.
[etern1ty][19:11:23] - XSyr3N4mE9Nzi4uP.go - File successfully renamed.
[etern1ty][19:11:23] - iHwr3N4mE3rV2Vki.ju16 - File successfully renamed.
[etern1ty][19:11:23] - Sr3N4mEc0Cvcfqwh.ts - File successfully renamed.
[etern1ty][19:11:23] - ukf457Vr3N4mE2pZ.py - File successfully renamed.
[etern1ty][19:11:23] - QeHjWXuMqr3N4mEe.py - File successfully renamed.
[etern1ty][19:11:23] - g8erCr3N4mE3fZnW.Ty5v - File successfully renamed.
[etern1ty][19:11:23] - onD4L5gjr3N4mEyS.ts - File successfully renamed.
[etern1ty][19:11:23] - 1BkDidm0V3k0Pc97x.pac3 - File backed up.
[etern1ty][19:11:23] - BHLBqm0V3RdB7x9l.h6Dj - File backed up.
[etern1ty][19:11:23] - ZF7Fqm0V333cha4v.daF3 - File backed up.
[etern1ty][19:11:23] - xiExn6NtYm0V3z5c.19kv - File backed up.
[etern1ty][19:11:23] - bEK0Pm0V3iY0b5qs.VvA0 - File backed up.
[etern1ty][19:11:23] - cpym0V3VtpiNKE6h.vfS4 - File backed up.
[etern1ty][19:11:23] - kPci6RYm0V3tAr0j.C6cr - File backed up.
[etern1ty][19:11:23] - cK1PSgkm0V3TnQ2d.zHb4 - File backed up.
[etern1ty][19:11:23] - ppZDCKtm0V3WQu1w.Vc4f - File backed up.
[etern1ty][19:11:23] - 1BkDidm0V3k0Pc97x.pac3 - File successfully restored from backup.
[etern1ty][19:11:23] - BHLBqm0V3RdB7x9l.h6Dj - File successfully restored from backup.
[etern1ty][19:11:23] - ZF7Fqm0V333cha4v.daF3 - File successfully restored from backup.
[etern1ty][19:11:23] - xiExn6NtYm0V3z5c.19kv - File successfully restored from backup.
[etern1ty][19:11:23] - bEK0Pm0V3iY0b5qs.VvA0 - File successfully restored from backup.
[etern1ty][19:11:23] - cpym0V3VtpiNKE6h.vfS4 - File successfully restored from backup.
[etern1ty][19:11:23] - kPci6RYm0V3tAr0j.C6cr - File successfully restored from backup.
[etern1ty][19:11:23] - cK1PSgkm0V3TnQ2d.zHb4 - File successfully restored from backup.
[etern1ty][19:11:23] - ppZDCKtm0V3WQu1w.Vc4f - File successfully restored from backup.
[etern1ty][19:11:23] - 1BkDidm0V3k0Pc97x.pac3 - File backed up.
[etern1ty][19:11:23] - BHLBqm0V3RdB7x9l.h6Dj - File backed up.
[etern1ty][19:11:23] - ZF7Fqm0V333cha4v.daF3 - File backed up.
[etern1ty][19:11:23] - xiExn6NtYm0V3z5c.19kv - File backed up.
[etern1ty][19:11:23] - bEK0Pm0V3iY0b5qs.VvA0 - File backed up.
[etern1ty][19:11:23] - cpym0V3VtpiNKE6h.vfS4 - File backed up.
[etern1ty][19:11:23] - kPci6RYm0V3tAr0j.C6cr - File backed up.
[etern1ty][19:11:23] - cK1PSgkm0V3TnQ2d.zHb4 - File backed up.
[etern1ty][19:11:23] - ppZDCKtm0V3WQu1w.Vc4f - File backed up.
